<?xml version="1.0" encoding="UTF-8"?>
<!-- Generated by org.testng.reporters.JUnitReportReporter -->
<testsuite hostname="ZHANZHIQ5" name="Sample" tests="1" failures="0" timestamp="27 Sep 2016 13:52:47 GMT" time="29.998" errors="0">
  <testcase name="testDHGG" time="29.998" classname="Sample"/>
</testsuite> <!-- Sample -->
