<?xml version="1.0" encoding="UTF-8"?>
<!-- Generated by org.testng.reporters.JUnitReportReporter -->
<testsuite hostname="ZHANZHIQ5" name="TestCase2" tests="1" failures="0" timestamp="27 Sep 2016 11:39:02 GMT" time="62.404" errors="0">
  <testcase name="testDHGG" time="62.404" classname="TestCase2"/>
</testsuite> <!-- TestCase2 -->
