<?xml version="1.0" encoding="UTF-8"?>
<!-- Generated by org.testng.reporters.JUnitReportReporter -->
<testsuite hostname="ZHANZHIQ5" name="my.testcase.TestCase2" tests="1" failures="0" timestamp="27 Sep 2016 13:52:47 GMT" time="48.749" errors="0">
  <testcase name="testDHGG" time="48.749" classname="my.testcase.TestCase2"/>
</testsuite> <!-- my.testcase.TestCase2 -->
