<?xml version="1.0" encoding="UTF-8"?>
<!-- Generated by org.testng.reporters.JUnitReportReporter -->
<testsuite hostname="ZHANZHIQ5" name="Sample" tests="1" failures="0" timestamp="23 Oct 2016 10:51:11 GMT" time="53.792" errors="0">
  <testcase name="testDHGG" time="53.792" classname="Sample"/>
</testsuite> <!-- Sample -->
